# JRE version: OpenJDK Runtime Environment Temurin-21.0.10+7 (21.0.10+7) (build 21.0.10+7-LTS)
# Java VM: OpenJDK 64-Bit Server VM Temurin-21.0.10+7 (21.0.10+7-LTS, mixed mode, sharing, tiered, compressed oops, compressed class ptrs, parallel gc, windows-amd64)
GC Precious Log:
 CardTable entry size: 512
 CPUs: 4 total, 4 available
 Memory: 8059M
 Large Page Support: Disabled
 NUMA Support: Disabled
 Compressed Oops: Enabled (32-bit)
 Alignments: Space 512K, Generation 512K, Heap 2M
 Heap Min Capacity: 100M
 Heap Initial Capacity: 100M
 Heap Max Capacity: 2G
 Pre-touch: Disabled
 Parallel Workers: 4
Heap:
 PSYoungGen      total 8192K, used 7396K [0x00000000d5580000, 0x00000000d6180000, 0x0000000100000000)
  eden space 6144K, 88% used [0x00000000d5580000,0x00000000d5ac90a8,0x00000000d5b80000)
  from space 2048K, 96% used [0x00000000d5f80000,0x00000000d6170010,0x00000000d6180000)
  to   space 2048K, 0% used [0x00000000d5d80000,0x00000000d5d80000,0x00000000d5f80000)
 ParOldGen       total 601600K, used 566961K [0x0000000080000000, 0x00000000a4b80000, 0x00000000d5580000)
  object space 601600K, 94% used [0x0000000080000000,0x00000000a29ac6a8,0x00000000a4b80000)
 Metaspace       used 88696K, committed 90240K, reserved 1179648K
  class space    used 9085K, committed 9792K, reserved 1048576K
GC Heap History (20 events):
Event: 39700.045 GC heap before
{Heap before GC invocations=1259 (full 4):
 PSYoungGen      total 12800K, used 12469K [0x00000000d5580000, 0x00000000d7c00000, 0x0000000100000000)
  eden space 4608K, 93% used [0x00000000d5580000,0x00000000d59b05e0,0x00000000d5a00000)
  from space 8192K, 99% used [0x00000000d6780000,0x00000000d6f7ce70,0x00000000d6f80000)
  to   space 13824K, 0% used [0x00000000d5a00000,0x00000000d5a00000,0x00000000d6780000)
 ParOldGen       total 601600K, used 500836K [0x0000000080000000, 0x00000000a4b80000, 0x00000000d5580000)
  object space 601600K, 83% used [0x0000000080000000,0x000000009e919250,0x00000000a4b80000)
 Metaspace       used 88654K, committed 90176K, reserved 1179648K
  class space    used 9085K, committed 9792K, reserved 1048576K
}
Event: 39700.091 GC heap after
{Heap after GC invocations=1259 (full 4):
 PSYoungGen      total 6144K, used 1522K [0x00000000d5580000, 0x00000000d6800000, 0x0000000100000000)
  eden space 4608K, 0% used [0x00000000d5580000,0x00000000d5580000,0x00000000d5a00000)
  from space 1536K, 99% used [0x00000000d5a00000,0x00000000d5b7c800,0x00000000d5b80000)
  to   space 5632K, 0% used [0x00000000d6280000,0x00000000d6280000,0x00000000d6800000)
 ParOldGen       total 601600K, used 509004K [0x0000000080000000, 0x00000000a4b80000, 0x00000000d5580000)
  object space 601600K, 84% used [0x0000000080000000,0x000000009f113380,0x00000000a4b80000)
 Metaspace       used 88654K, committed 90176K, reserved 1179648K
  class space    used 9085K, committed 9792K, reserved 1048576K
}
Event: 39700.120 GC heap before
{Heap before GC invocations=1260 (full 4):
 PSYoungGen      total 6144K, used 6123K [0x00000000d5580000, 0x00000000d6800000, 0x0000000100000000)
  eden space 4608K, 99% used [0x00000000d5580000,0x00000000d59fe530,0x00000000d5a00000)
  from space 1536K, 99% used [0x00000000d5a00000,0x00000000d5b7c800,0x00000000d5b80000)
  to   space 5632K, 0% used [0x00000000d6280000,0x00000000d6280000,0x00000000d6800000)
 ParOldGen       total 601600K, used 509004K [0x0000000080000000, 0x00000000a4b80000, 0x00000000d5580000)
  object space 601600K, 84% used [0x0000000080000000,0x000000009f113380,0x00000000a4b80000)
 Metaspace       used 88655K, committed 90176K, reserved 1179648K
  class space    used 9085K, committed 9792K, reserved 1048576K
}
Event: 39700.131 GC heap after
{Heap after GC invocations=1260 (full 4):
 PSYoungGen      total 7168K, used 1257K [0x00000000d5580000, 0x00000000d6400000, 0x0000000100000000)
  eden space 5632K, 0% used [0x00000000d5580000,0x00000000d5580000,0x00000000d5b00000)
  from space 1536K, 81% used [0x00000000d6280000,0x00000000d63ba420,0x00000000d6400000)
  to   space 2048K, 0% used [0x00000000d6000000,0x00000000d6000000,0x00000000d6200000)
 ParOldGen       total 601600K, used 510510K [0x0000000080000000, 0x00000000a4b80000, 0x00000000d5580000)
  object space 601600K, 84% used [0x0000000080000000,0x000000009f28bb80,0x00000000a4b80000)
 Metaspace       used 88655K, committed 90176K, reserved 1179648K
  class space    used 9085K, committed 9792K, reserved 1048576K
}
Event: 39701.320 GC heap before
{Heap before GC invocations=1261 (full 4):
 PSYoungGen      total 7168K, used 6889K [0x00000000d5580000, 0x00000000d6400000, 0x0000000100000000)
  eden space 5632K, 100% used [0x00000000d5580000,0x00000000d5b00000,0x00000000d5b00000)
  from space 1536K, 81% used [0x00000000d6280000,0x00000000d63ba420,0x00000000d6400000)
  to   space 2048K, 0% used [0x00000000d6000000,0x00000000d6000000,0x00000000d6200000)
 ParOldGen       total 601600K, used 510510K [0x0000000080000000, 0x00000000a4b80000, 0x00000000d5580000)
  object space 601600K, 84% used [0x0000000080000000,0x000000009f28bb80,0x00000000a4b80000)
 Metaspace       used 88665K, committed 90240K, reserved 1179648K
  class space    used 9085K, committed 9792K, reserved 1048576K
}
Event: 39701.337 GC heap after
{Heap after GC invocations=1261 (full 4):
 PSYoungGen      total 9216K, used 2020K [0x00000000d5580000, 0x00000000d6580000, 0x0000000100000000)
  eden space 7168K, 0% used [0x00000000d5580000,0x00000000d5580000,0x00000000d5c80000)
  from space 2048K, 98% used [0x00000000d6000000,0x00000000d61f9000,0x00000000d6200000)
  to   space 3584K, 0% used [0x00000000d6200000,0x00000000d6200000,0x00000000d6580000)
 ParOldGen       total 601600K, used 512542K [0x0000000080000000, 0x00000000a4b80000, 0x00000000d5580000)
  object space 601600K, 85% used [0x0000000080000000,0x000000009f487828,0x00000000a4b80000)
 Metaspace       used 88665K, committed 90240K, reserved 1179648K
  class space    used 9085K, committed 9792K, reserved 1048576K
}
Event: 39702.013 GC heap before
{Heap before GC invocations=1262 (full 4):
 PSYoungGen      total 9216K, used 9188K [0x00000000d5580000, 0x00000000d6580000, 0x0000000100000000)
  eden space 7168K, 100% used [0x00000000d5580000,0x00000000d5c80000,0x00000000d5c80000)
  from space 2048K, 98% used [0x00000000d6000000,0x00000000d61f9000,0x00000000d6200000)
  to   space 3584K, 0% used [0x00000000d6200000,0x00000000d6200000,0x00000000d6580000)
 ParOldGen       total 601600K, used 543262K [0x0000000080000000, 0x00000000a4b80000, 0x00000000d5580000)
  object space 601600K, 90% used [0x0000000080000000,0x00000000a1287858,0x00000000a4b80000)
 Metaspace       used 88686K, committed 90240K, reserved 1179648K
  class space    used 9085K, committed 9792K, reserved 1048576K
}
Event: 39702.037 GC heap after
{Heap after GC invocations=1262 (full 4):
 PSYoungGen      total 9728K, used 3562K [0x00000000d5580000, 0x00000000d6980000, 0x0000000100000000)
  eden space 6144K, 0% used [0x00000000d5580000,0x00000000d5580000,0x00000000d5b80000)
  from space 3584K, 99% used [0x00000000d6200000,0x00000000d657a8f0,0x00000000d6580000)
  to   space 6656K, 0% used [0x00000000d5b80000,0x00000000d5b80000,0x00000000d6200000)
 ParOldGen       total 601600K, used 545771K [0x0000000080000000, 0x00000000a4b80000, 0x00000000d5580000)
  object space 601600K, 90% used [0x0000000080000000,0x00000000a14fade0,0x00000000a4b80000)
 Metaspace       used 88686K, committed 90240K, reserved 1179648K
  class space    used 9085K, committed 9792K, reserved 1048576K
}
Event: 39702.290 GC heap before
{Heap before GC invocations=1263 (full 4):
 PSYoungGen      total 9728K, used 9706K [0x00000000d5580000, 0x00000000d6980000, 0x0000000100000000)
  eden space 6144K, 100% used [0x00000000d5580000,0x00000000d5b80000,0x00000000d5b80000)
  from space 3584K, 99% used [0x00000000d6200000,0x00000000d657a8f0,0x00000000d6580000)
  to   space 6656K, 0% used [0x00000000d5b80000,0x00000000d5b80000,0x00000000d6200000)
 ParOldGen       total 601600K, used 545771K [0x0000000080000000, 0x00000000a4b80000, 0x00000000d5580000)
  object space 601600K, 90% used [0x0000000080000000,0x00000000a14fade0,0x00000000a4b80000)
 Metaspace       used 88686K, committed 90240K, reserved 1179648K
  class space    used 9085K, committed 9792K, reserved 1048576K
}
Event: 39702.322 GC heap after
{Heap after GC invocations=1263 (full 4):
 PSYoungGen      total 12288K, used 5696K [0x00000000d5580000, 0x00000000d6780000, 0x0000000100000000)
  eden space 6144K, 0% used [0x00000000d5580000,0x00000000d5580000,0x00000000d5b80000)
  from space 6144K, 92% used [0x00000000d5b80000,0x00000000d6110000,0x00000000d6180000)
  to   space 6144K, 0% used [0x00000000d6180000,0x00000000d6180000,0x00000000d6780000)
 ParOldGen       total 601600K, used 549373K [0x0000000080000000, 0x00000000a4b80000, 0x00000000d5580000)
  object space 601600K, 91% used [0x0000000080000000,0x00000000a187f6d0,0x00000000a4b80000)
 Metaspace       used 88686K, committed 90240K, reserved 1179648K
  class space    used 9085K, committed 9792K, reserved 1048576K
}
Event: 39702.773 GC heap before
{Heap before GC invocations=1264 (full 4):
 PSYoungGen      total 12288K, used 11840K [0x00000000d5580000, 0x00000000d6780000, 0x0000000100000000)
  eden space 6144K, 100% used [0x00000000d5580000,0x00000000d5b80000,0x00000000d5b80000)
  from space 6144K, 92% used [0x00000000d5b80000,0x00000000d6110000,0x00000000d6180000)
  to   space 6144K, 0% used [0x00000000d6180000,0x00000000d6180000,0x00000000d6780000)
 ParOldGen       total 601600K, used 549373K [0x0000000080000000, 0x00000000a4b80000, 0x00000000d5580000)
  object space 601600K, 91% used [0x0000000080000000,0x00000000a187f6d0,0x00000000a4b80000)
 Metaspace       used 88686K, committed 90240K, reserved 1179648K
  class space    used 9085K, committed 9792K, reserved 1048576K
}
Event: 39702.813 GC heap after
{Heap after GC invocations=1264 (full 4):
 PSYoungGen      total 10752K, used 4558K [0x00000000d5580000, 0x00000000d6600000, 0x0000000100000000)
  eden space 6144K, 0% used [0x00000000d5580000,0x00000000d5580000,0x00000000d5b80000)
  from space 4608K, 98% used [0x00000000d6180000,0x00000000d65f3a58,0x00000000d6600000)
  to   space 5120K, 0% used [0x00000000d5c00000,0x00000000d5c00000,0x00000000d6100000)
 ParOldGen       total 601600K, used 554629K [0x0000000080000000, 0x00000000a4b80000, 0x00000000d5580000)
  object space 601600K, 92% used [0x0000000080000000,0x00000000a1da16d0,0x00000000a4b80000)
 Metaspace       used 88686K, committed 90240K, reserved 1179648K
  class space    used 9085K, committed 9792K, reserved 1048576K
}
Event: 39702.969 GC heap before
{Heap before GC invocations=1265 (full 4):
 PSYoungGen      total 10752K, used 10702K [0x00000000d5580000, 0x00000000d6600000, 0x0000000100000000)
  eden space 6144K, 100% used [0x00000000d5580000,0x00000000d5b80000,0x00000000d5b80000)
  from space 4608K, 98% used [0x00000000d6180000,0x00000000d65f3a58,0x00000000d6600000)
  to   space 5120K, 0% used [0x00000000d5c00000,0x00000000d5c00000,0x00000000d6100000)
 ParOldGen       total 601600K, used 554629K [0x0000000080000000, 0x00000000a4b80000, 0x00000000d5580000)
  object space 601600K, 92% used [0x0000000080000000,0x00000000a1da16d0,0x00000000a4b80000)
 Metaspace       used 88687K, committed 90240K, reserved 1179648K
  class space    used 9085K, committed 9792K, reserved 1048576K
}
Event: 39702.989 GC heap after
{Heap after GC invocations=1265 (full 4):
 PSYoungGen      total 11264K, used 4926K [0x00000000d5580000, 0x00000000d6580000, 0x0000000100000000)
  eden space 6144K, 0% used [0x00000000d5580000,0x00000000d5580000,0x00000000d5b80000)
  from space 5120K, 96% used [0x00000000d5c00000,0x00000000d60cfbb0,0x00000000d6100000)
  to   space 4608K, 0% used [0x00000000d6100000,0x00000000d6100000,0x00000000d6580000)
 ParOldGen       total 601600K, used 559108K [0x0000000080000000, 0x00000000a4b80000, 0x00000000d5580000)
  object space 601600K, 92% used [0x0000000080000000,0x00000000a2201048,0x00000000a4b80000)
 Metaspace       used 88687K, committed 90240K, reserved 1179648K
  class space    used 9085K, committed 9792K, reserved 1048576K
}
Event: 39703.131 GC heap before
{Heap before GC invocations=1266 (full 4):
 PSYoungGen      total 11264K, used 11070K [0x00000000d5580000, 0x00000000d6580000, 0x0000000100000000)
  eden space 6144K, 100% used [0x00000000d5580000,0x00000000d5b80000,0x00000000d5b80000)
  from space 5120K, 96% used [0x00000000d5c00000,0x00000000d60cfbb0,0x00000000d6100000)
  to   space 4608K, 0% used [0x00000000d6100000,0x00000000d6100000,0x00000000d6580000)
 ParOldGen       total 601600K, used 559108K [0x0000000080000000, 0x00000000a4b80000, 0x00000000d5580000)
  object space 601600K, 92% used [0x0000000080000000,0x00000000a2201048,0x00000000a4b80000)
 Metaspace       used 88687K, committed 90240K, reserved 1179648K
  class space    used 9085K, committed 9792K, reserved 1048576K
}
Event: 39703.156 GC heap after
{Heap after GC invocations=1266 (full 4):
 PSYoungGen      total 7680K, used 1424K [0x00000000d5580000, 0x00000000d6280000, 0x0000000100000000)
  eden space 6144K, 0% used [0x00000000d5580000,0x00000000d5580000,0x00000000d5b80000)
  from space 1536K, 92% used [0x00000000d6100000,0x00000000d6264010,0x00000000d6280000)
  to   space 3072K, 0% used [0x00000000d5c80000,0x00000000d5c80000,0x00000000d5f80000)
 ParOldGen       total 601600K, used 563968K [0x0000000080000000, 0x00000000a4b80000, 0x00000000d5580000)
  object space 601600K, 93% used [0x0000000080000000,0x00000000a26c00c8,0x00000000a4b80000)
 Metaspace       used 88687K, committed 90240K, reserved 1179648K
  class space    used 9085K, committed 9792K, reserved 1048576K
}
Event: 39703.340 GC heap before
{Heap before GC invocations=1267 (full 4):
 PSYoungGen      total 7680K, used 7568K [0x00000000d5580000, 0x00000000d6280000, 0x0000000100000000)
  eden space 6144K, 100% used [0x00000000d5580000,0x00000000d5b80000,0x00000000d5b80000)
  from space 1536K, 92% used [0x00000000d6100000,0x00000000d6264010,0x00000000d6280000)
  to   space 3072K, 0% used [0x00000000d5c80000,0x00000000d5c80000,0x00000000d5f80000)
 ParOldGen       total 601600K, used 563968K [0x0000000080000000, 0x00000000a4b80000, 0x00000000d5580000)
  object space 601600K, 93% used [0x0000000080000000,0x00000000a26c00c8,0x00000000a4b80000)
 Metaspace       used 88694K, committed 90240K, reserved 1179648K
  class space    used 9085K, committed 9792K, reserved 1048576K
}
Event: 39703.352 GC heap after
{Heap after GC invocations=1267 (full 4):
 PSYoungGen      total 9216K, used 1696K [0x00000000d5580000, 0x00000000d6180000, 0x0000000100000000)
  eden space 6144K, 0% used [0x00000000d5580000,0x00000000d5580000,0x00000000d5b80000)
  from space 3072K, 55% used [0x00000000d5c80000,0x00000000d5e28010,0x00000000d5f80000)
  to   space 2048K, 0% used [0x00000000d5f80000,0x00000000d5f80000,0x00000000d6180000)
 ParOldGen       total 601600K, used 565290K [0x0000000080000000, 0x00000000a4b80000, 0x00000000d5580000)
  object space 601600K, 93% used [0x0000000080000000,0x00000000a280ab68,0x00000000a4b80000)
 Metaspace       used 88694K, committed 90240K, reserved 1179648K
  class space    used 9085K, committed 9792K, reserved 1048576K
}
Event: 39703.457 GC heap before
{Heap before GC invocations=1268 (full 4):
 PSYoungGen      total 9216K, used 7840K [0x00000000d5580000, 0x00000000d6180000, 0x0000000100000000)
  eden space 6144K, 100% used [0x00000000d5580000,0x00000000d5b80000,0x00000000d5b80000)
  from space 3072K, 55% used [0x00000000d5c80000,0x00000000d5e28010,0x00000000d5f80000)
  to   space 2048K, 0% used [0x00000000d5f80000,0x00000000d5f80000,0x00000000d6180000)
 ParOldGen       total 601600K, used 565290K [0x0000000080000000, 0x00000000a4b80000, 0x00000000d5580000)
  object space 601600K, 93% used [0x0000000080000000,0x00000000a280ab68,0x00000000a4b80000)
 Metaspace       used 88696K, committed 90240K, reserved 1179648K
  class space    used 9085K, committed 9792K, reserved 1048576K
}
Event: 39703.470 GC heap after
{Heap after GC invocations=1268 (full 4):
 PSYoungGen      total 8192K, used 1984K [0x00000000d5580000, 0x00000000d6180000, 0x0000000100000000)
  eden space 6144K, 0% used [0x00000000d5580000,0x00000000d5580000,0x00000000d5b80000)
  from space 2048K, 96% used [0x00000000d5f80000,0x00000000d6170010,0x00000000d6180000)
  to   space 2048K, 0% used [0x00000000d5d80000,0x00000000d5d80000,0x00000000d5f80000)
 ParOldGen       total 601600K, used 566961K [0x0000000080000000, 0x00000000a4b80000, 0x00000000d5580000)
  object space 601600K, 94% used [0x0000000080000000,0x00000000a29ac6a8,0x00000000a4b80000)
 Metaspace       used 88696K, committed 90240K, reserved 1179648K
  class space    used 9085K, committed 9792K, reserved 1048576K
}

